[    0.000000] Initializing cgroup subsys cpuset
[    0.000000] Initializing cgroup subsys cpu
[    0.000000] Initializing cgroup subsys cpuacct
[    0.000000] Linux version 4.4.0-161-generic (buildd@lcy01-amd64-018) (gcc version 5.4.0 20160609 (Ubuntu 5.4.0-6ubuntu1~16.04.10) ) #189-Ubuntu SMP Tue Aug 27 08:10:16 UTC 2019 (Ubuntu 4.4.0-161.189-generic 4.4.186)
[    0.000000] Command line: BOOT_IMAGE=/boot/vmlinuz-4.4.0-161-generic root=LABEL=cloudimg-rootfs ro console=tty1 console=ttyS0
[    0.000000] KERNEL supported cpus:
[    0.000000]   Intel GenuineIntel
[    0.000000]   AMD AuthenticAMD
[    0.000000]   Centaur CentaurHauls
[    0.000000] x86/fpu: xstate_offset[2]:  576, xstate_sizes[2]:  256
[    0.000000] x86/fpu: Supporting XSAVE feature 0x01: 'x87 floating point registers'
[    0.000000] x86/fpu: Supporting XSAVE feature 0x02: 'SSE registers'
[    0.000000] x86/fpu: Supporting XSAVE feature 0x04: 'AVX registers'
[    0.000000] x86/fpu: Enabled xstate features 0x7, context size is 832 bytes, using 'standard' format.
[    0.000000] e820: BIOS-provided physical RAM map:
[    0.000000] BIOS-e820: [mem 0x0000000000000000-0x000000000009fbff] usable
[    0.000000] BIOS-e820: [mem 0x000000000009fc00-0x000000000009ffff] reserved
[    0.000000] BIOS-e820: [mem 0x00000000000f0000-0x00000000000fffff] reserved
[    0.000000] BIOS-e820: [mem 0x0000000000100000-0x000000001ffeffff] usable
[    0.000000] BIOS-e820: [mem 0x000000001fff0000-0x000000001fffffff] ACPI data
[    0.000000] BIOS-e820: [mem 0x00000000fec00000-0x00000000fec00fff] reserved
[    0.000000] BIOS-e820: [mem 0x00000000fee00000-0x00000000fee00fff] reserved
[    0.000000] BIOS-e820: [mem 0x00000000fffc0000-0x00000000ffffffff] reserved
[    0.000000] NX (Execute Disable) protection: active
[    0.000000] SMBIOS 2.5 present.
[    0.000000] Hypervisor detected: KVM
[    0.000000] e820: last_pfn = 0x1fff0 max_arch_pfn = 0x400000000
[    0.000000] MTRR: Disabled
[    0.000000] x86/PAT: MTRRs disabled, skipping PAT initialization too.
[    0.000000] CPU MTRRs all blank - virtualized system.
[    0.000000] x86/PAT: Configuration [0-7]: WB  WT  UC- UC  WB  WT  UC- UC  
[    0.000000] found SMP MP-table at [mem 0x0009fff0-0x0009ffff] mapped at [ffff88000009fff0]
[    0.000000] Scanning 1 areas for low memory corruption
[    0.000000] RAMDISK: [mem 0x1e8ed000-0x1f767fff]
[    0.000000] ACPI: Early table checksum verification disabled
[    0.000000] ACPI: RSDP 0x00000000000E0000 000024 (v02 VBOX  )
[    0.000000] ACPI: XSDT 0x000000001FFF0030 00003C (v01 VBOX   VBOXXSDT 00000001 ASL  00000061)
[    0.000000] ACPI: FACP 0x000000001FFF00F0 0000F4 (v04 VBOX   VBOXFACP 00000001 ASL  00000061)
[    0.000000] ACPI: DSDT 0x000000001FFF0470 0022EA (v02 VBOX   VBOXBIOS 00000002 INTL 20100528)
[    0.000000] ACPI: FACS 0x000000001FFF0200 000040
[    0.000000] ACPI: FACS 0x000000001FFF0200 000040
[    0.000000] ACPI: APIC 0x000000001FFF0240 00005C (v02 VBOX   VBOXAPIC 00000001 ASL  00000061)
[    0.000000] ACPI: SSDT 0x000000001FFF02A0 0001CC (v01 VBOX   VBOXCPUT 00000002 INTL 20100528)
[    0.000000] No NUMA configuration found
[    0.000000] Faking a node at [mem 0x0000000000000000-0x000000001ffeffff]
[    0.000000] NODE_DATA(0) allocated [mem 0x1ffeb000-0x1ffeffff]
[    0.000000] kvm-clock: Using msrs 4b564d01 and 4b564d00
[    0.000000] kvm-clock: cpu 0, msr 0:1ffe3001, primary cpu clock
[    0.000000] kvm-clock: using sched offset of 4130541956 cycles
[    0.000000] clocksource: kvm-clock: mask: 0xffffffffffffffff max_cycles: 0x1cd42e4dffb, max_idle_ns: 881590591483 ns
[    0.000000] Zone ranges:
[    0.000000]   DMA      [mem 0x0000000000001000-0x0000000000ffffff]
[    0.000000]   DMA32    [mem 0x0000000001000000-0x000000001ffeffff]
[    0.000000]   Normal   empty
[    0.000000]   Device   empty
[    0.000000] Movable zone start for each node
[    0.000000] Early memory node ranges
[    0.000000]   node   0: [mem 0x0000000000001000-0x000000000009efff]
[    0.000000]   node   0: [mem 0x0000000000100000-0x000000001ffeffff]
[    0.000000] Initmem setup node 0 [mem 0x0000000000001000-0x000000001ffeffff]
[    0.000000] ACPI: PM-Timer IO Port: 0x4008
[    0.000000] IOAPIC[0]: apic_id 2, version 32, address 0xfec00000, GSI 0-23
[    0.000000] ACPI: INT_SRC_OVR (bus 0 bus_irq 0 global_irq 2 dfl dfl)
[    0.000000] ACPI: INT_SRC_OVR (bus 0 bus_irq 9 global_irq 9 low level)
[    0.000000] Using ACPI (MADT) for SMP configuration information
[    0.000000] smpboot: Allowing 2 CPUs, 0 hotplug CPUs
[    0.000000] PM: Registered nosave memory: [mem 0x00000000-0x00000fff]
[    0.000000] PM: Registered nosave memory: [mem 0x0009f000-0x0009ffff]
[    0.000000] PM: Registered nosave memory: [mem 0x000a0000-0x000effff]
[    0.000000] PM: Registered nosave memory: [mem 0x000f0000-0x000fffff]
[    0.000000] e820: [mem 0x20000000-0xfebfffff] available for PCI devices
[    0.000000] Booting paravirtualized kernel on KVM
[    0.000000] clocksource: refined-jiffies: mask: 0xffffffff max_cycles: 0xffffffff, max_idle_ns: 7645519600211568 ns
[    0.000000] setup_percpu: NR_CPUS:512 nr_cpumask_bits:512 nr_cpu_ids:2 nr_node_ids:1
[    0.000000] PERCPU: Embedded 34 pages/cpu @ffff88001fc00000 s99544 r8192 d31528 u1048576
[    0.000000] Built 1 zonelists in Node order, mobility grouping on.  Total pages: 128888
[    0.000000] Policy zone: DMA32
[    0.000000] Kernel command line: BOOT_IMAGE=/boot/vmlinuz-4.4.0-161-generic root=LABEL=cloudimg-rootfs ro console=tty1 console=ttyS0
[    0.000000] PID hash table entries: 2048 (order: 2, 16384 bytes)
[    0.000000] Memory: 481648K/523832K available (8622K kernel code, 1335K rwdata, 4032K rodata, 1488K init, 1284K bss, 42184K reserved, 0K cma-reserved)
[    0.000000] SLUB: HWalign=64, Order=0-3, MinObjects=0, CPUs=2, Nodes=1
[    0.000000] Kernel/User page tables isolation: enabled
[    0.000000] Hierarchical RCU implementation.
[    0.000000] 	Build-time adjustment of leaf fanout to 64.
[    0.000000] 	RCU restricting CPUs from NR_CPUS=512 to nr_cpu_ids=2.
[    0.000000] RCU: Adjusting geometry for rcu_fanout_leaf=64, nr_cpu_ids=2
[    0.000000] NR_IRQS:33024 nr_irqs:440 16
[    0.000000] Console: colour VGA+ 80x25
[    0.000000] console [tty1] enabled
[    0.000000] console [ttyS0] enabled
[    0.000000] tsc: Detected 2711.998 MHz processor
[    0.190254] Calibrating delay loop (skipped) preset value.. 5423.99 BogoMIPS (lpj=10847992)
[    0.192659] pid_max: default: 32768 minimum: 301
[    0.194048] ACPI: Core revision 20150930
[    0.195940] ACPI: 2 ACPI AML tables successfully acquired and loaded
[    0.197988] Security Framework initialized
[    0.199273] Yama: becoming mindful.
[    0.200259] AppArmor: AppArmor initialized
[    0.201552] Dentry cache hash table entries: 65536 (order: 7, 524288 bytes)
[    0.203422] Inode-cache hash table entries: 32768 (order: 6, 262144 bytes)
[    0.205157] Mount-cache hash table entries: 1024 (order: 1, 8192 bytes)
[    0.206799] Mountpoint-cache hash table entries: 1024 (order: 1, 8192 bytes)
[    0.208648] Initializing cgroup subsys io
[    0.209985] Initializing cgroup subsys memory
[    0.211160] Initializing cgroup subsys devices
[    0.212446] Initializing cgroup subsys freezer
[    0.213948] Initializing cgroup subsys net_cls
[    0.215390] Initializing cgroup subsys perf_event
[    0.216628] Initializing cgroup subsys net_prio
[    0.217873] Initializing cgroup subsys hugetlb
[    0.219271] Initializing cgroup subsys pids
[    0.221638] mce: CPU supports 0 MCE banks
[    0.222728] Last level iTLB entries: 4KB 64, 2MB 8, 4MB 8
[    0.224116] Last level dTLB entries: 4KB 64, 2MB 0, 4MB 0, 1GB 4
[    0.225648] Spectre V1 : Mitigation: usercopy/swapgs barriers and __user pointer sanitization
[    0.228168] Spectre V2 : Mitigation: Full generic retpoline
[    0.229676] Spectre V2 : Spectre v2 / SpectreRSB mitigation: Filling RSB on context switch
[    0.232419] Speculative Store Bypass: Vulnerable
[    0.233738] MDS: Mitigation: Clear CPU buffers
[    0.237853] Freeing SMP alternatives memory: 36K
[    0.245598] ftrace: allocating 32318 entries in 127 pages
[    0.308218] smpboot: APIC(0) Converting physical 0 to logical package 0
[    0.310244] smpboot: Max logical packages: 1
[    0.311919] x2apic enabled
[    0.313358] Switched APIC routing to physical x2apic.
[    0.316097] ..TIMER: vector=0x30 apic1=0 pin1=2 apic2=-1 pin2=-1
[    0.424719] smpboot: CPU0: Intel(R) Core(TM) i7-6820HQ CPU @ 2.70GHz (family: 0x6, model: 0x5e, stepping: 0x3)
[    0.428821] Performance Events: unsupported p6 CPU model 94 no PMU driver, software events only.
[    0.445505] KVM setup paravirtual spinlock
[    0.448233] x86: Booting SMP configuration:
[    0.449974] .... node  #0, CPUs:      #1
[    0.451470] kvm-clock: cpu 1, msr 0:1ffe3041, secondary cpu clock
[    0.454328] mce: CPU supports 0 MCE banks
[    0.457351] x86: Booted up 1 node, 2 CPUs
[    0.460173] smpboot: Total of 2 processors activated (10847.99 BogoMIPS)
[    0.465885] devtmpfs: initialized
[    0.469158] evm: security.selinux
[    0.470320] evm: security.SMACK64
[    0.471629] evm: security.SMACK64EXEC
[    0.473111] evm: security.SMACK64TRANSMUTE
[    0.474305] evm: security.SMACK64MMAP
[    0.475286] evm: security.ima
[    0.476140] evm: security.capability
[    0.477343] clocksource: jiffies: mask: 0xffffffff max_cycles: 0xffffffff, max_idle_ns: 7645041785100000 ns
[    0.479958] futex hash table entries: 512 (order: 3, 32768 bytes)
[    0.482004] pinctrl core: initialized pinctrl subsystem
[    0.483662] RTC time: 13:44:04, date: 09/14/19
[    0.485488] NET: Registered protocol family 16
[    0.501702] cpuidle: using governor ladder
[    0.513532] cpuidle: using governor menu
[    0.514997] PCCT header not found.
[    0.516086] ACPI: bus type PCI registered
[    0.517270] acpiphp: ACPI Hot Plug PCI Controller Driver version: 0.5
[    0.519032] PCI: Using configuration type 1 for base access
[    0.534589] ACPI: Added _OSI(Module Device)
[    0.536127] ACPI: Added _OSI(Processor Device)
[    0.537430] ACPI: Added _OSI(3.0 _SCP Extensions)
[    0.538838] ACPI: Added _OSI(Processor Aggregator Device)
[    0.541577] ACPI: Executed 1 blocks of module-level executable AML code
[    0.546130] ACPI: Interpreter enabled
[    0.547401] ACPI: (supports S0 S5)
[    0.548623] ACPI: Using IOAPIC for interrupt routing
[    0.550137] PCI: Using host bridge windows from ACPI; if necessary, use "pci=nocrs" and report a bug
[    0.557731] ACPI: PCI Root Bridge [PCI0] (domain 0000 [bus 00-ff])
[    0.559596] acpi PNP0A03:00: _OSC: OS supports [ASPM ClockPM Segments MSI]
[    0.561916] acpi PNP0A03:00: _OSC: not requesting OS control; OS requires [ExtendedConfig ASPM ClockPM MSI]
[    0.564557] acpi PNP0A03:00: fail to add MMCONFIG information, can't access extended PCI configuration space under this bridge.
[    0.568429] PCI host bridge to bus 0000:00
[    0.569719] pci_bus 0000:00: root bus resource [io  0x0000-0x0cf7 window]
[    0.571402] pci_bus 0000:00: root bus resource [io  0x0d00-0xffff window]
[    0.573040] pci_bus 0000:00: root bus resource [mem 0x000a0000-0x000bffff window]
[    0.575135] pci_bus 0000:00: root bus resource [mem 0x20000000-0xfdffffff window]
[    0.577099] pci_bus 0000:00: root bus resource [bus 00-ff]
[    0.581972] pci 0000:00:01.1: legacy IDE quirk: reg 0x10: [io  0x01f0-0x01f7]
[    0.583687] pci 0000:00:01.1: legacy IDE quirk: reg 0x14: [io  0x03f6]
[    0.585272] pci 0000:00:01.1: legacy IDE quirk: reg 0x18: [io  0x0170-0x0177]
[    0.587756] pci 0000:00:01.1: legacy IDE quirk: reg 0x1c: [io  0x0376]
[    0.611669] pci 0000:00:07.0: quirk: [io  0x4000-0x403f] claimed by PIIX4 ACPI
[    0.614398] pci 0000:00:07.0: quirk: [io  0x4100-0x410f] claimed by PIIX4 SMB
[    0.624609] ACPI: PCI Interrupt Link [LNKA] (IRQs 5 9 10 *11)
[    0.627138] ACPI: PCI Interrupt Link [LNKB] (IRQs 5 9 *10 11)
[    0.629174] ACPI: PCI Interrupt Link [LNKC] (IRQs 5 *9 10 11)
[    0.631503] ACPI: PCI Interrupt Link [LNKD] (IRQs 5 9 10 *11)
[    0.634059] ACPI: Enabled 2 GPEs in block 00 to 07
[    0.635872] vgaarb: setting as boot device: PCI:0000:00:02.0
[    0.637616] vgaarb: device added: PCI:0000:00:02.0,decodes=io+mem,owns=io+mem,locks=none
[    0.640159] vgaarb: loaded
[    0.640965] vgaarb: bridge control possible 0000:00:02.0
[    0.642641] SCSI subsystem initialized
[    0.643795] ACPI: bus type USB registered
[    0.644920] usbcore: registered new interface driver usbfs
[    0.647030] usbcore: registered new interface driver hub
[    0.648547] usbcore: registered new device driver usb
[    0.650451] PCI: Using ACPI for IRQ routing
[    0.651999] NetLabel: Initializing
[    0.653016] NetLabel:  domain hash size = 128
[    0.654287] NetLabel:  protocols = UNLABELED CIPSOv4
[    0.655566] NetLabel:  unlabeled traffic allowed by default
[    0.657276] amd_nb: Cannot enumerate AMD northbridges
[    0.658789] clocksource: Switched to clocksource kvm-clock
[    0.667346] AppArmor: AppArmor Filesystem Enabled
[    0.669130] pnp: PnP ACPI init
[    0.671737] pnp: PnP ACPI: found 3 devices
[    0.682567] clocksource: acpi_pm: mask: 0xffffff max_cycles: 0xffffff, max_idle_ns: 2085701024 ns
[    0.685182] NET: Registered protocol family 2
[    0.686545] TCP established hash table entries: 4096 (order: 3, 32768 bytes)
[    0.688335] TCP bind hash table entries: 4096 (order: 4, 65536 bytes)
[    0.690164] TCP: Hash tables configured (established 4096 bind 4096)
[    0.691766] UDP hash table entries: 256 (order: 1, 8192 bytes)
[    0.693206] UDP-Lite hash table entries: 256 (order: 1, 8192 bytes)
[    0.694872] NET: Registered protocol family 1
[    0.696054] pci 0000:00:00.0: Limiting direct PCI/PCI transfers
[    0.697633] pci 0000:00:01.0: Activating ISA DMA hang workarounds
[    0.701347] Unpacking initramfs...
[    0.931493] Freeing initrd memory: 14828K
[    0.943975] clocksource: tsc: mask: 0xffffffffffffffff max_cycles: 0x27178451938, max_idle_ns: 440795251172 ns
[    0.948838] platform rtc_cmos: registered platform RTC device (no PNP device found)
[    0.953614] Scanning for low memory corruption every 60 seconds
[    0.956868] audit: initializing netlink subsys (disabled)
[    0.959500] audit: type=2000 audit(1568468650.298:1): initialized
[    0.962198] Initialise system trusted keyring
[    0.964873] HugeTLB registered 2 MB page size, pre-allocated 0 pages
[    0.970504] zbud: loaded
[    0.972777] VFS: Disk quotas dquot_6.6.0
[    0.974957] VFS: Dquot-cache hash table entries: 512 (order 0, 4096 bytes)
[    0.977811] squashfs: version 4.0 (2009/01/31) Phillip Lougher
[    0.979877] fuse init (API version 7.23)
[    0.983578] Key type big_key registered
[    0.985409] Allocating IMA MOK and blacklist keyrings.
[    0.990877] Key type asymmetric registered
[    0.993208] Asymmetric key parser 'x509' registered
[    0.995004] Block layer SCSI generic (bsg) driver version 0.4 loaded (major 249)
[    0.997460] io scheduler noop registered
[    0.999378] io scheduler deadline registered (default)
[    1.000939] io scheduler cfq registered
[    1.002253] pci_hotplug: PCI Hot Plug PCI Core version: 0.5
[    1.004150] pciehp: PCI Express Hot Plug Controller Driver version: 0.4
[    1.006432] ACPI: AC Adapter [AC] (on-line)
[    1.007916] input: Power Button as /devices/LNXSYSTM:00/LNXPWRBN:00/input/input0
[    1.010532] ACPI: Power Button [PWRF]
[    1.012351] input: Sleep Button as /devices/LNXSYSTM:00/LNXSLPBN:00/input/input1
[    1.014743] ACPI: Sleep Button [SLPF]
[    1.016606] GHES: HEST is not enabled!
[    1.018312] ACPI: Battery Slot [BAT0] (battery present)
[    1.018925] Serial: 8250/16550 driver, 32 ports, IRQ sharing enabled
[    1.040733] 00:02: ttyS0 at I/O 0x3f8 (irq = 4, base_baud = 115200) is a 16550A
[    1.043536] Linux agpgart interface v0.103
[    1.047666] loop: module loaded
[    1.049561] scsi host0: ata_piix
[    1.050765] scsi host1: ata_piix
[    1.051889] ata1: PATA max UDMA/33 cmd 0x1f0 ctl 0x3f6 bmdma 0xd000 irq 14
[    1.053591] ata2: PATA max UDMA/33 cmd 0x170 ctl 0x376 bmdma 0xd008 irq 15
[    1.055423] libphy: Fixed MDIO Bus: probed
[    1.056581] tun: Universal TUN/TAP device driver, 1.6
[    1.057849] tun: (C) 1999-2004 Max Krasnyansky <maxk@qualcomm.com>
[    1.059683] PPP generic driver version 2.4.2
[    1.060959] ehci_hcd: USB 2.0 'Enhanced' Host Controller (EHCI) Driver
[    1.062704] ehci-pci: EHCI PCI platform driver
[    1.064113] ehci-platform: EHCI generic platform driver
[    1.065457] ohci_hcd: USB 1.1 'Open' Host Controller (OHCI) Driver
[    1.067005] ohci-pci: OHCI PCI platform driver
[    1.068205] ohci-platform: OHCI generic platform driver
[    1.069871] uhci_hcd: USB Universal Host Controller Interface driver
[    1.071908] i8042: PNP: PS/2 Controller [PNP0303:PS2K,PNP0f03:PS2M] at 0x60,0x64 irq 1,12
[    1.074597] serio: i8042 KBD port at 0x60,0x64 irq 1
[    1.075976] serio: i8042 AUX port at 0x60,0x64 irq 12
[    1.077669] mousedev: PS/2 mouse device common for all mice
[    1.079344] input: AT Translated Set 2 keyboard as /devices/platform/i8042/serio0/input/input2
[    1.082280] rtc_cmos rtc_cmos: rtc core: registered rtc_cmos as rtc0
[    1.085107] rtc_cmos rtc_cmos: alarms up to one day, 114 bytes nvram
[    1.087264] i2c /dev entries driver
[    1.088364] device-mapper: uevent: version 1.0.3
[    1.089926] device-mapper: ioctl: 4.34.0-ioctl (2015-10-28) initialised: dm-devel@redhat.com
[    1.093228] ledtrig-cpu: registered to indicate activity on CPUs
[    1.097201] NET: Registered protocol family 10
[    1.100833] NET: Registered protocol family 17
[    1.103385] Key type dns_resolver registered
[   1.105537] registered taskstats version 1
[    1.166264] Loading compiled-in X.509 certificates
[    1.168513] Loaded X.509 cert 'Build time autogenerated kernel key: bdcb03bd89688fd1ecb3c1b37e77d69239145881'
[    1.171407] zswap: loaded using pool lzo/zbud
[    1.178807] Key type trusted registered
[    1.189435] Key type encrypted registered
[    1.190717] AppArmor: AppArmor sha1 policy hashing enabled
[    1.192427] ima: No TPM chip found, activating TPM-bypass!
[    1.194246] ima: Allocated hash algorithm: sha1
[    1.195874] vm: HMAC attrs: 0x1
[    1.255191]   Magic number: 3:134:736
[    1.256777] rtc_cmos rtc_cmos: setting system clock to 2019-09-14 13:44:05 UTC (1568468645)
[    1.259316] BIOS EDD facility v0.16 2004-Jun-25, 0 devices found
[    1.260792] EDD information not available.
[    1.263044] Freeing unused kernel memory: 1488K
[    1.274949] Write protecting the kernel read-only data: 14336k
[    1.277902] Freeing unused kernel memory: 1608K
[    1.280902] Freeing unused kernel memory: 64K
Loading, please wait...
starting version 229
[    1.297218] random: systemd-udevd: uninitialized urandom read (16 bytes read, 3 bits of entropy available)
[    1.297746] random: udevadm: uninitialized urandom read (16 bytes read, 3 bits of entropy available)
[    1.297766] random: udevadm: uninitialized urandom read (16 bytes read, 3 bits of entropy available)
[    1.309787] random: udevadm: uninitialized urandom read (16 bytes read, 3 bits of entropy available)
[    1.309826] random: udevadm: uninitialized urandom read (16 bytes read, 3 bits of entropy available)
[    1.309945] random: udevadm: uninitialized urandom read (16 bytes read, 3 bits of entropy available)
[    1.309986] random: udevadm: uninitialized urandom read (16 bytes read, 3 bits of entropy available)
[    1.310028] random: udevadm: uninitialized urandom read (16 bytes read, 3 bits of entropy available)
[    1.310067] random: udevadm: uninitialized urandom read (16 bytes read, 3 bits of entropy available)
[    1.310104] random: udevadm: uninitialized urandom read (16 bytes read, 3 bits of entropy available)
[    1.362003] e1000: Intel(R) PRO/1000 Network Driver - version 7.3.21-k8-NAPI
[    1.364493] e1000: Copyright (c) 1999-2006 Intel Corporation.
[    1.374491] Fusion MPT base driver 3.04.20
[    1.376902] Copyright (c) 1999-2008 LSI Corporation
[    1.419001] Fusion MPT SPI Host driver 3.04.20
[    1.422308] AVX2 version of gcm_enc/dec engaged.
[    1.424120] AES CTR mode by8 optimization enabled
[    1.607764] input: ImExPS/2 Generic Explorer Mouse as /devices/platform/i8042/serio1/input/input4
[    1.906845] e1000 0000:00:03.0 eth0: (PCI:33MHz:32-bit) 02:21:78:00:d6:19
[    1.909401] e1000 0000:00:03.0 eth0: Intel(R) PRO/1000 Network Connection
[    2.412036] e1000 0000:00:08.0 eth1: (PCI:33MHz:32-bit) 08:00:27:fb:16:11
[    2.414103] e1000 0000:00:08.0 eth1: Intel(R) PRO/1000 Network Connection
[    2.417269] e1000 0000:00:03.0 enp0s3: renamed from eth0
[    2.419393] mptbase: ioc0: Initiating bringup
[    2.431148] e1000 0000:00:08.0 enp0s8: renamed from eth1
[    2.492586] ioc0: LSI53C1030 A0: Capabilities={Initiator}
[    3.444945] scsi host2: ioc0: LSI53C1030 A0, FwRev=00000000h, Ports=1, MaxQ=256, IRQ=20
[    3.973577] scsi 2:0:0:0: Direct-Access     VBOX     HARDDISK         1.0  PQ: 0 ANSI: 5
[    3.977013] scsi target2:0:0: Beginning Domain Validation
[    3.980554] scsi target2:0:0: Domain Validation skipping write tests
[    3.982781] scsi target2:0:0: Ending Domain Validation
[    3.984669] scsi target2:0:0: asynchronous
[    3.986744] scsi 2:0:1:0: Direct-Access     VBOX     HARDDISK         1.0  PQ: 0 ANSI: 5
[    3.989422] scsi target2:0:1: Beginning Domain Validation
[    4.004933] scsi target2:0:1: Domain Validation skipping write tests
[    4.007112] scsi target2:0:1: Ending Domain Validation
[    4.009217] scsi target2:0:1: asynchronous
[    4.016710] sd 2:0:0:0: Attached scsi generic sg0 type 0
[    4.018622] sd 2:0:1:0: Attached scsi generic sg1 type 0
[    4.018912] sd 2:0:0:0: [sda] 20971520 512-byte logical blocks: (10.7 GB/10.0 GiB)
[    4.033121] sd 2:0:1:0: [sdb] 20480 512-byte logical blocks: (10.5 MB/10.0 MiB)
[    4.035003] sd 2:0:0:0: [sda] Write Protect is off
[    4.035214] sd 2:0:0:0: [sda] Incomplete mode parameter data
[    4.035215] sd 2:0:0:0: [sda] Assuming drive cache: write through
[    4.041677] sd 2:0:1:0: [sdb] Write Protect is off
[    4.042145]  sda: sda1
[    4.043088] sd 2:0:0:0: [sda] Attached SCSI disk
[    4.045850] sd 2:0:1:0: [sdb] Incomplete mode parameter data
[    4.047452] sd 2:0:1:0: [sdb] Assuming drive cache: write through
[    4.050953] sd 2:0:1:0: [sdb] Attached SCSI disk
Begin: Loading essential drivers ... [    5.362356] md: linear personality registered for level -1
[    5.366817] md: multipath personality registered for level -4
[    5.370929] md: raid0 personality registered for level 0
[    5.375818] md: raid1 personality registered for level 1
[    5.447149] raid6: sse2x1   gen() 10824 MB/s
[    5.515313] raid6: sse2x1   xor()  8132 MB/s
[    5.582848] raid6: sse2x2   gen() 13500 MB/s
[    5.650921] raid6: sse2x2   xor()  9280 MB/s
[    5.719132] raid6: sse2x4   gen() 15416 MB/s
[    5.787275] raid6: sse2x4   xor()  9151 MB/s
[    5.855070] raid6: avx2x1   gen() 21500 MB/s
[    5.923433] raid6: avx2x2   gen() 25364 MB/s
[    5.990894] raid6: avx2x4   gen() 25839 MB/s
[    5.992055] raid6: using algorithm avx2x4 gen() 25839 MB/s
[    5.993447] raid6: using avx2x2 recovery algorithm
[    5.996616] xor: automatically using best checksumming function:
[    6.038436]    avx       : 43849.000 MB/sec
[    6.041391] async_tx: api initialized (async)
[    6.052395] md: raid6 personality registered for level 6
[    6.054207] md: raid5 personality registered for level 5
[    6.055623] md: raid4 personality registered for level 4
[    6.063864] md: raid10 personality registered for level 10
done.
Begin: Running /scripts/init-premount ... done.
Begin: Mounting root file system ... Begin: Running /scripts/local-top ... done.
Begin: Running /scripts/local-premount ... [    6.093727] Btrfs loaded
Scanning for Btrfs filesystems
done.
Warning: fsck not present, so skipping root file system
[    6.125928] EXT4-fs (sda1): mounted filesystem with ordered data mode. Opts: (null)
done.
Begin: Running /scripts/local-bottom ... done.
Begin: Running /scripts/init-bottom ... done.
[    6.228111] systemd[1]: systemd 229 running in system mode. (+PAM +AUDIT +SELINUX +IMA +APPARMOR +SMACK +SYSVINIT +UTMP +LIBCRYPTSETUP +GCRYPT +GNUTLS +ACL +XZ -LZ4 +SECCOMP +BLKID +ELFUTILS +KMOD -IDN)
[    6.233247] systemd[1]: Detected virtualization oracle.
[    6.234576] systemd[1]: Detected architecture x86-64.

Welcome to [1mUbuntu 16.04.6 LTS[0m!

[    6.239374] systemd[1]: Set hostname to <ubuntu>.
[    6.242542] systemd[1]: Initializing machine ID from random generator.
[    6.244242] systemd[1]: Installed transient /etc/machine-id file.
[    6.396002] systemd[1]: Started Forward Password Requests to Wall Directory Watch.
[[0;32m  OK  [0m] Started Forward Password Requests to Wall Directory Watch.
[    6.400447] systemd[1]: Reached target System Time Synchronized.
[[0;32m  OK  [0m] Reached target System Time Synchronized.
[    6.403781] systemd[1]: Created slice System Slice.
[[0;32m  OK  [0m] Created slice System Slice.
[    6.406467] systemd[1]: Created slice system-serial\x2dgetty.slice.
[[0;32m  OK  [0m] Created slice system-serial\x2dgetty.slice.
[    6.409557] systemd[1]: Listening on Journal Socket (/dev/log).
[[0;32m  OK  [0m] Listening on Journal Socket (/dev/log).
[    6.419338] systemd[1]: Reached target Encrypted Volumes.
[[0;32m  OK  [0m] Reached target Encrypted Volumes.
[    6.439385] systemd[1]: Started Trigger resolvconf update for networkd DNS.
[[0;32m  OK  [0m] Started Trigger resolvconf update for networkd DNS.
[    6.443217] systemd[1]: Listening on Syslog Socket.
[[0;32m  OK  [0m] Listening on Syslog Socket.
[    6.445959] systemd[1]: Listening on LVM2 poll daemon socket.
[[0;32m  OK  [0m] Listening on LVM2 poll daemon socket.
[    6.449334] systemd[1]: Set up automount Arbitrary Executable File Formats File System Automount Point.
[[0;32m  OK  [0m] Set up automount Arbitrary Executab...ats File System Automount Point.
[    6.463564] systemd[1]: Listening on /dev/initctl Compatibility Named Pipe.
[[0;32m  OK  [0m] Listening on /dev/initctl Compatibility Named Pipe.
[    6.472832] systemd[1]: Listening on udev Control Socket.
[[0;32m  OK  [0m] Listening on udev Control Socket.
[    6.478133] systemd[1]: Listening on Journal Socket.
[[0;32m  OK  [0m] Listening on Journal Socket.
[    6.503190] systemd[1]: Starting Uncomplicated firewall...
         Starting Uncomplicated firewall...
[    6.511341] systemd[1]: Mounting Debug File System...
         Mounting Debug File System...
[    6.515324] systemd[1]: Starting Remount Root and Kernel File Systems...
         Starting Remount Root and Kernel File Systems...
[    6.520703] systemd[1]: Starting Set console keymap...
         Starting Set console keymap...
[    6.528109] systemd[1]: Starting Load Kernel Modules...
         Starting Load Kernel Modules...
[    6.532597] systemd[1]: Starting Create list of required static device nodes for the current kernel...
[    6.533844] EXT4-fs (sda1): re-mounted. Opts: (null)
         Starting Create list of required st... nodes for the current kernel...
[    6.540645] systemd[1]: Starting Nameserver information manager...
         Starting Nameserver information manager...
[    6.549698] systemd[1]: Mounting POSIX Message Queue File System...
         Mounting POSIX Message Queue File System...
[    6.558769] systemd[1]: Reached target User and Group Name Lookups.
[    6.561515] Loading iSCSI transport class v2.0-870.
[[0;32m  OK  [0m] Reached target User and Group Name Lookups.
[    6.565680] systemd[1]: Created slice User and Session Slice.
[[0;32m  OK  [0m] Created slice User and Session Slice.
[    6.570847] systemd[1]: Mounting Huge Pages File System...
         Mounting Huge Pages File System...
[    6.576605] iscsi: registered transport (tcp)
[    6.579292] systemd[1]: Reached target Swap.
[[0;32m  OK  [0m] Reached target Swap.
[    6.582702] systemd[1]: Listening on Device-mapper event daemon FIFOs.
[[0;32m  OK  [0m] Listening on Device-mapper event daemon FIFOs.
[    6.589069] systemd[1]: Listening on LVM2 metadata daemon socket.
[[0;32m  OK  [0m] Listening on LVM2 metadata daemon socket.
[    6.594101] systemd[1]: Starting Monitoring of LVM2 mirrors, snapshots etc. using dmeventd or progress polling...
         Starting Monitoring of LVM2 mirrors... dmeventd or progress polling...
[    6.601544] systemd[1]: Reached target Slices.
[[0;32m  OK  [0m] Reached target Slices.
[    6.606124] systemd[1]: Listening on udev Kernel Socket.
[[0;32m  OK  [0m] Listening on udev Kernel Socket.
[    6.610062] systemd[1]: Listening on Journal Audit Socket.
[[0;32m  OK  [0m] Listening on Journal Audit Socket.
[    6.627104] systemd[1]: Starting Journal Service...
         Starting Journal Service...
[    6.632085] iscsi: registered transport (iser)
[    6.632379] systemd[1]: Mounted POSIX Message Queue File System.
[[0;32m  OK  [0m] Mounted POSIX Message Queue File System.
[    6.637228] systemd[1]: Mounted Debug File System.
[[0;32m  OK  [0m] Mounted Debug File System.
[    6.641480] systemd[1]: Mounted Huge Pages File System.
[[0;32m  OK  [0m] Mounted Huge Pages File System.
[    6.644956] systemd[1]: Started Uncomplicated firewall.
[[0;32m  OK  [0m] Started Uncomplicated firewall.
[    6.648402] systemd[1]: Started Remount Root and Kernel File Systems.
[[0;32m  OK  [0m] Started Remount Root and Kernel File Systems.
[    6.652328] systemd[1]: Started Set console keymap.
[[0;32m  OK  [0m] Started Set console keymap.
[    6.655360] systemd[1]: Started Load Kernel Modules.
[[0;32m  OK  [0m] Started Load Kernel Modules.
[    6.664110] systemd[1]: Started Create list of required static device nodes for the current kernel.
[[0;32m  OK  [0m] Started Create list of required sta...ce nodes for the current kernel.
[    6.689611] systemd[1]: Started Journal Service.
[[0;32m  OK  [0m] Started Journal Service.
[[0;32m  OK  [0m] Started Nameserver information manager.
[[0;32m  OK  [0m] Started LVM2 metadata daemon.
         Starting Create Static Device Nodes in /dev...
         Mounting FUSE Control File System...
         Starting Apply Kernel Variables...
         Starting udev Coldplug all Devices...
         Starting Load/Save Random Seed...
         Starting Flush Journal to Persistent Storage...
[[0;32m  OK  [0m] Mounted FUSE Control File System.
[[0;32m  OK  [0m] Started Apply Kernel Variables.
[[0;32m  OK  [0m] Started Create Static Device Nodes in /dev.
[[0;32m  OK  [0m] Started Load/Save Random Seed.
[[0;32m  OK  [0m] Started udev Coldplug all Devices.
         Starting udev Kernel Device Manager...
[[0;32m  OK  [0m] Started Flush Journal to Persistent Storage.
[[0;32m  OK  [0m] Started udev Kernel Device Manager.
[[0;32m  OK  [0m] Started Dispatch Password Requests to Console Directory Watch.
[[0;32m  OK  [0m] Found device /dev/ttyS0.
[[0;32m  OK  [0m] Listening on Load/Save RF Kill Switch Status /dev/rfkill Watch.
[[0;32m  OK  [0m] Started Monitoring of LVM2 mirrors,...ng dmeventd or progress polling.
[[0;32m  OK  [0m] Reached target Local File Systems (Pre).
[[0;32m  OK  [0m] Reached target Local File Systems.
         Starting Initial cloud-init job (pre-networking)...
         Starting Set console font and keymap...
         Starting Create Volatile Files and Directories...
         Starting LSB: AppArmor initialization...
         Starting Tell Plymouth To Write Out Runtime Data...
         Starting Commit a transient machine-id on disk...
[[0;32m  OK  [0m] Started Create Volatile Files and Directories.
[[0;32m  OK  [0m] Started Tell Plymouth To Write Out Runtime Data.
         Starting Update UTMP about System Boot/Shutdown...
[[0;32m  OK  [0m] Started Update UTMP about System Boot/Shutdown.
[[0;32m  OK  [0m] Started Commit a transient machine-id on disk.
[[0;32m  OK  [0m] Started LSB: AppArmor initialization.
[[0;32m  OK  [0m] Started Set console font and keymap.
[[0;32m  OK  [0m] Created slice system-getty.slice.
[    8.237116] cloud-init[608]: Cloud-init v. 19.2-24-ge7881d5c-0ubuntu1~16.04.1 running 'init-local' at Sat, 14 Sep 2019 13:44:12 +0000. Up 7.90 seconds.
[[0;32m  OK  [0m] Started Initial cloud-init job (pre-networking).
[[0;32m  OK  [0m] Reached target Network (Pre).
         Starting Raise network interfaces...
[[0;32m  OK  [0m] Started Raise network interfaces.
[[0;32m  OK  [0m] Reached target Network.
         Starting Initial cloud-init job (metadata service crawler)...
[    9.234903] cloud-init[961]: Cloud-init v. 19.2-24-ge7881d5c-0ubuntu1~16.04.1 running 'init' at Sat, 14 Sep 2019 13:44:13 +0000. Up 8.74 seconds.
[    9.244566] cloud-init[961]: ci-info: ++++++++++++++++++++++++++++++++++++++Net device info+++++++++++++++++++++++++++++++++++++++
[    9.246352] cloud-init[961]: ci-info: +--------+-------+----------------------------+---------------+--------+-------------------+
[    9.252507] cloud-init[961]: ci-info: | Device |   Up  |          Address           |      Mask     | Scope  |     Hw-Address    |
[    9.265342] cloud-init[961]: ci-info: +--------+-------+----------------------------+---------------+--------+-------------------+
[    9.276231] cloud-init[961]: ci-info: | enp0s3 |  True |         10.0.2.15          | 255.255.255.0 | global | 02:21:78:00:d6:19 |
[    9.276414] cloud-init[961]: ci-info: | enp0s3 |  True | fe80::21:78ff:fe00:d619/64 |       .       |  link  | 02:21:78:00:d6:19 |
[[0;32m  OK  [0m] Started Initial cloud-init job (metadata service crawler).
[    9.276543] cloud-init[961]: ci-info: | enp0s8 | False |             .              |       .       |   .    | 08:00:27:fb:16:11 |
[    9.285978] cloud-init[961]: ci-info: |   lo   |  True |         127.0.0.1          |   255.0.0.0   |  host  |         .         |
[    9.293103] cloud-init[961]: ci-info: |   lo   |  True |          ::1/128           |       .       |  host  |         .         |
[    9.293446] cloud-init[961]: ci-info: +--------+-------+----------------------------+---------------+--------+-------------------+
[[0;32m  OK  [0m] Reached target Network is Online.
[    9.293551] cloud-init[961]: ci-info: +++++++++++++++++++++++++++Route IPv4 info++++++++++++++++++++++++++++
[    9.304445] cloud-init[961]: ci-info: +-------+-------------+----------+---------------+-----------+-------+
[    9.306209] cloud-init[961]: ci-info: | Route | Destination | Gateway  |    Genmask    | Interface | Flags |
[    9.307596] cloud-init[961]: ci-info: +-------+-------------+----------+---------------+-----------+-------+
[    9.308957] cloud-init[961]: ci-info: |   0   |   0.0.0.0   | 10.0.2.2 |    0.0.0.0    |   enp0s3  |   UG  |
[    9.309262] cloud-init[961]: ci-info: |   1   |   10.0.2.0  | 0.0.0.0  | 255.255.255.0 |   enp0s3  |   U   |
[    9.309407] cloud-init[961]: ci-info: +-------+-------------+----------+---------------+-----------+-------+
         Starting iSCSI initiator daemon (iscsid)...
[[0;32m  OK  [0m] Reached target Cloud-config availability.
[[0;32m  OK  [0m] Reached target System Initialization.
[    9.309534] cloud-init[961]: ci-info: +++++++++++++++++++Route IPv6 info+++++++++++++++++++
[    9.327112] cloud-init[961]: ci-info: +-------+-------------+---------+-----------+-------+
[    9.332502] cloud-init[961]: ci-info: | Route | Destination | Gateway | Interface | Flags |
[[0;32m  OK  [0m] Started ACPI Events Check.
[[0;32m  OK  [0m] Reached target Paths.
[[0;32m  OK  [0m] Started Daily apt download activities.
[[0;32m  OK  [0m] Started Daily Cleanup of Temporary Directories.
[[0;32m  OK  [0m] Listening on ACPID Listen Socket.
[    9.336373] cloud-init[961]: ci-info: +-------+-------------+---------+-----------+-------+
[    9.350435] cloud-init[961]: ci-info: |   0   |  fe80::/64  |    ::   |   enp0s3  |   U   |
[    9.351901] cloud-init[961]: ci-info: |   3   |   ff00::/8  |    ::   |   enp0s3  |   U   |
[    9.352165]          cloud-initStarting LXD - unix socket.[961]: 
ci-info: +-------+-------------+---------+-----------+-------+
[    9.360905] cloud-init[961]: Generating public/private rsa key pair.
[    9.361265] cloud-init[961]: Your identification has been saved in /etc/ssh/ssh_host_rsa_key.
[    9.361513] cloud-init[961]: Your public key has been saved in /etc/ssh/ssh_host_rsa_key.pub.
[    9.361559] cloud-init[961]: The key fingerprint is:
[    9.361693] cloud-init[961]: SHA256:SDj3Qvg1Ia6UTv692DUZ0TWEaPtoIfT4YXOK+F2c7po root@ubuntu-xenial
[[0;32m  OK  [0m] Listening on UUID daemon activation socket.
[[    9.361812] cloud-init[961]: The key's randomart image is:
[    9.369451] cloud-init[961]: +---[RSA 2048]----+
[0;32m  OK  [0m] Listening on D-Bus System Message Bus Socket.
[    9.370167] cloud-init[961]: |      . .  . o+  |
[    9.373355] cloud-init[961]: |     = ...o... . |
[    9.373550] cloud-init[961]: |    B =.o+...    |
         Starting Socket activation for snappy daemon.
[[    9.373934] cloud-init[961]: |   = B +o.B..    |
[    9.381232] cloud-init[961]: |    + +.S=.X .   |
[0;32m  OK  [0m] Started Daily apt upgrade and clean activities.
[[    9.381306] [0;32m  OK  [0mcloud-init] [961]: Reached target Timers.|     ..o. =o=    |

[    9.396873] cloud-init[961]: |      ...o+o     |
[    9.405177] cloud-init[961]: |       o.o.o.    |
[    9.405761] cloud-init[961]: |      . o Eo.    |
[    9.406040] cloud-init[961]: +----[SHA256]-----+
[    9.406107] cloud-init[961]: Generating public/private dsa key pair.
[    9.406147] cloud-init[961]: Your identification has been saved in /etc/ssh/ssh_host_dsa_key.
[[0;32m  OK  [0m] Listening on LXD - unix socket.
[[    9.406285] cloud-init[961]: Your public key has been saved in /etc/ssh/ssh_host_dsa_key.pub.
[    9.409735] cloud-init[961]: The key fingerprint is:
[    9.410775] cloud-init[961]: SHA256:MuXuHovm7H66btY45zKvAzuHQUUTeGcbQNPJ9MAF0+o root@ubuntu-xenial
[    9.410822] cloud-init[961]: The key's randomart image is:
[    9.410885] cloud-init[961]: +---[DSA 1024]----+
[0;32m  OK  [0m] Listening on Socket activation for snappy daemon.
[[0;32m  OK  [0m] Started iSCSI initiator daemon (iscsid).
[    9.410989] cloud-init[961]: |     +BB==.      |
[    9.432947]          Starting Login to default iSCSI targets...
[[0;32m  OK  [0m] Reached target Sockets.
[cloud-init[0;32m  OK  [0m[961]: ] |    . ooO+.      |Reached target Basic System.

[    9.436317]          Starting Login Service...
cloud-init[961]: |     o o.+.      |
[    9.437886] cloud-init[961]: |    .  oo        |
[    9.439191] cloud-init[961]: |   .  o.S        |
[    9.452350]          Starting Pollinate to seed the pseudo random number generator...
cloud-init[961]: |    o  +E        |
[    9.453946] cloud-init         Starting LXD - container startup/shutdown...
[961]: |     = oo        |
[    9.456747]          Starting Snappy daemon...
cloud-init[[0;32m  OK  [0m] Started Regular background program processing daemon.
         Starting Virtualbox guest utils...
         Starting LSB: MD monitoring daemon...
         Starting System Logging Service...
[[0;32m  OK  [0m] Started FUSE filesystem for LXC.
[[0;32m  OK  [0m] Started D-Bus System Message Bus.
[961]: |    +.@o+o       |
[    9.478893] cloud-init[961]: |     @@#*        |
[    9.481595] cloud-init[961]: +----[SHA256]-----+
[    9.485568] cloud-init[961]: Generating public/private ecdsa key pair.
[    9.487863] cloud-init[961]: Your identification has been saved in /etc/ssh/ssh_host_ecdsa_key.
[    9.491593] cloud-init[961]: Your public key has been saved in /etc/ssh/ssh_host_ecdsa_key.pub.
[    9.493841] cloud-init[961]: The key fingerprint is:
[    9.499145] cloud-init[961]: SHA256:INsMJt8dV0RneqaAEfRuDFy0iIQr/t3GS2UcWVoQsg8 root@ubuntu-xenial
[    9.505004] cloud-init[961]: The key's randomart image is:
[    9.507766] cloud-init[961]: +---[ECDSA 256]---+
[[0;32m  OK  [0m] Started ACPI event daemon.
         Starting LSB: Record successful boot for GRUB...
         Starting /etc/rc.local Compatibility...
[[0;32m  OK  [0m] Started Deferred execution scheduler.
         Starting Accounts Service...
[[0;32m  OK  [0m] Started System Logging Service.
[[0;32m  OK  [0m] Started /etc/rc.local Compatibility.
[    9.525164] cloud-init[961]: |     ...=o==* o  |
[    9.570550] cloud-init[961]: |    .. o O B +   |
[    9.572832] cloud-init[961]: |  . +.o E O . o  |
[    9.574237] cloud-init[961]: |  .+.B o X o +   |
[    9.585241] cloud-init[961]: | . .o + S O .    |
[    9.586691] cloud-init[961]: |  .      +       |
[    9.600885] cloud-init[961]: |   . . o.        |
[    9.606144] cloud-init[961]: |    . ..+        |
[    9.609531] cloud-init[961]: |       ...       |
[    9.610915] cloud-init[961]: +----[SHA256]-----+
[    9.612027] cloud-init[961]: Generating public/private ed25519 key pair.
[    9.615216] cloud-init[961]: Your identification has been saved in /etc/ssh/ssh_host_ed25519_key.
[[0;32m  OK  [0m] Started Login to default iSCSI targets.
[    9.622210] cloud-init[961]: Your public key has been saved in /etc/ssh/ssh_host_ed25519_key.pub.
[    9.639882] cloud-init[961]: The key fingerprint is:
[    9.641006] cloud-init[961]: SHA256:Hu/30vgx/pfyVuo+9lCecphkj0looO8MD+qpT5jnqoQ root@ubuntu-xenial
[    9.644231] cloud-init[961]: The key's randomart image is:
[[0;32m  OK  [0m] Started LXD - container startup/shutdown.
[    9.649278] cloud-init[961]: +--[ED25519 256]--+[[0;32m  OK  [0m] Started LSB: MD monitoring daemon.

[[0;32m  OK  [0m] Started Login Service.
[    9.671191] cloud-init[961]: |                 |
[    9.680499] cloud-init[961]: |                 |
[[0;32m  OK  [0m] Started Unattended Upgrades Shutdown.
         Starting Authenticate and Authorize Users to Run Privileged Tasks...
[[0;32m  OK  [0m] Reached target Remote File Systems (Pre).
[[0;32m  OK  [0m] Reached target Remote File Systems.
         Starting LSB: daemon to balance interrupts for SMP systems...
         Starting LSB: Set the CPU Frequency Scaling governor to "ondemand"...
         Starting Permit User Sessions...
         Starting LSB: automatic crash report generation...
[[0;32m  OK  [0m] Started LSB: Record successful boot for GRUB.
[[0;32m  OK  [0m] Started Permit User Sessions.
[    9.698961] cloud-init[961]: |         .       |
[    9.736961] cloud-init[961]: |        . . .    |
[    9.744380] cloud-init[961]: |       .S  o +  .|
[    9.748394] cloud-init[961]: |.   o  ..o. + *oo|
[    9.752279] cloud-init[961]: |E. o o o...  O+=+|
[    9.757706] cloud-init[961]: |.   + o *.  +oB*.|
[    9.758660] cloud-init[961]: | ..o=*   +.. BX=+|
[    9.760315] cloud-init[961]: +----[SHA256]-----+
         Starting Terminate Plymouth Boot Screen...
         Starting Hold until boot process finishes up...
[[0;32m  OK  [0m] Started Virtualbox guest utils.
[[0;32m  OK  [0m] Started LSB: automatic crash report generation.
[[0;32m  OK  [0m] Started Hold until boot process finishes up.
[[0;32m  OK  [0m] Started Terminate Plymouth Boot Screen.
[[0;32m  OK  [0m] Started Authenticate and Authorize Users to Run Privileged Tasks.
[[0;32m  OK  [0m] Started LSB: daemon to balance interrupts for SMP systems.
[[0;32m  OK  [0m] Started LSB: Set the CPU Frequency Scaling governor to "ondemand".
[[0;32m  OK  [0m] Started Accounts Service.
[[0;32m  OK  [0m] Started Serial Getty on ttyS0.
         Starting Set console scheme...
[[0;32m  OK  [0m] Started Getty on tty1.
[[0;32m  OK  [0m] Reached target Login Prompts.
[[0;32m  OK  [0m] Started Set console scheme.
[[0;32m  OK  [0m] Started Snappy daemon.
         Starting Wait until snapd is fully seeded...
[[0;32m  OK  [0m] Started Pollinate to seed the pseudo random number generator.
         Starting OpenBSD Secure Shell server...
[[0;32m  OK  [0m] Started OpenBSD Secure Shell server.
[[0;32m  OK  [0m] Created slice User Slice of vagrant.
         Starting User Manager for UID 1000...
[[0;32m  OK  [0m] Started Session 1 of user vagrant.
[[0;32m  OK  [0m] Started User Manager for UID 1000.
[[0;32m  OK  [0m] Started Wait until snapd is fully seeded.
         Starting Apply the settings specified in cloud-config...
[[0;32m  OK  [0m] Reached target Multi-User System.
[[0;32m  OK  [0m] Reached target Graphical Interface.
         Starting Update UTMP about System Runlevel Changes...
[[0;32m  OK  [0m] Started Update UTMP about System Runlevel Changes.
[   12.461721] cloud-init[1405]: Generating locales (this might take a while)...
         Stopping User Manager for UID 1000...
[[0;32m  OK  [0m] Stopped User Manager for UID 1000.
[[0;32m  OK  [0m] Removed slice User Slice of vagrant.
[[0;32m  OK  [0m] Created slice User Slice of vagrant.
         Starting User Manager for UID 1000...
[[0;32m  OK  [0m] Started Session 2 of user vagrant.
[[0;32m  OK  [0m] Started User Manager for UID 1000.
[   13.274143] cloud-init[1405]:   en_US.UTF-8... done
[   13.284356] cloud-init[1405]: Generation complete.
[   13.526844] cloud-init[1405]: Cloud-init v. 19.2-24-ge7881d5c-0ubuntu1~16.04.1 running 'modules:config' at Sat, 14 Sep 2019 13:44:16 +0000. Up 12.30 seconds.
[[0;32m  OK  [0m] Started Apply the settings specified in cloud-config.
         Starting Execute cloud user/final scripts...
         Starting Hostname Service...
[[0;32m  OK  [0m] Started Hostname Service.
ci-info: no authorized ssh keys fingerprints found for user ubuntu.
<14>Sep 14 13:44:18 ec2: 
<14>Sep 14 13:44:18 ec2: #############################################################
<14>Sep 14 13:44:18 ec2: -----BEGIN SSH HOST KEY FINGERPRINTS-----
<14>Sep 14 13:44:18 ec2: 1024 SHA256:MuXuHovm7H66btY45zKvAzuHQUUTeGcbQNPJ9MAF0+o root@ubuntu-xenial (DSA)
<14>Sep 14 13:44:18 ec2: 256 SHA256:INsMJt8dV0RneqaAEfRuDFy0iIQr/t3GS2UcWVoQsg8 root@ubuntu-xenial (ECDSA)
<14>Sep 14 13:44:18 ec2: 256 SHA256:Hu/30vgx/pfyVuo+9lCecphkj0looO8MD+qpT5jnqoQ root@ubuntu-xenial (ED25519)
<14>Sep 14 13:44:18 ec2: 2048 SHA256:SDj3Qvg1Ia6UTv692DUZ0TWEaPtoIfT4YXOK+F2c7po root@ubuntu-xenial (RSA)
<14>Sep 14 13:44:18 ec2: -----END SSH HOST KEY FINGERPRINTS-----
<14>Sep 14 13:44:18 ec2: #############################################################
-----BEGIN SSH HOST KEY KEYS-----
ecdsa-sha2-nistp256 AAAAE2VjZHNhLXNoYTItbmlzdHAyNTYAAAAIbmlzdHAyNTYAAABBBLxERtmr6rqY3LZDFfZUnOl8OqclCMUHzncDGgBo6gy+Wku4RNICUQyyYBkjcXCdWmhvGhFqRvi3Okj8bVM2+n0= root@ubuntu-xenial
ssh-ed25519 AAAAC3NzaC1lZDI1NTE5AAAAICckXycasHd1DeswgGO4eUuNNIta3B0KFO+Sw/TGj5qk root@ubuntu-xenial
ssh-rsa AAAAB3NzaC1yc2EAAAADAQABAAABAQC9dVx5m52RL/kQI60f3j0lcEoLh7wanN6uXR9PaNTgEHZPkRWz5PH96rT3uMVi6nC+0vTGFrooJzamHcjpWBABZlV9gWP+N086ldr2RdHXJ/9E84qS4aC4wMrmCT/KlnSVgBdnoKGLfeJwF9OaS8Cj+AiEB1OrlmQVZ6xo3WAwBqVhtaFcDYJevwwIozci5g+cBqo67uElVvxe+UJ1GsqedCw1DBz07Oez/Ek720A34k5FbG6krrWtIy0NFVQuklq0vXL2eLgr6DWuSJYg96nmwhFrYeseNvMM+x+kclRbuODESxIx71V+bNl8RRXIIwip630Fqz2xEaOpXt/iL4KD root@ubuntu-xenial
-----END SSH HOST KEY KEYS-----
[   14.001957] cloud-init[1618]: Cloud-init v. 19.2-24-ge7881d5c-0ubuntu1~16.04.1 running 'modules:final' at Sat, 14 Sep 2019 13:44:18 +0000. Up 13.85 seconds.
[   14.004407] cloud-init[1618]: ci-info: no authorized ssh keys fingerprints found for user ubuntu.
[   14.016644] cloud-init[1618]: Cloud-init v. 19.2-24-ge7881d5c-0ubuntu1~16.04.1 finished at Sat, 14 Sep 2019 13:44:18 +0000. Datasource DataSourceNoCloud [seed=/dev/sdb][dsmode=net].  Up 13.99 seconds
[[0;32m  OK  [0m] Started Execute cloud user/final scripts.
[[0;32m  OK  [0m] Reached target Cloud-init target.

Ubuntu 16.04.6 LTS machine3 ttyS0

machine3 login: 